<?xml version="1.0" encoding="UTF-8" standalone="yes"?><!DOCTYPE report PUBLIC "-//JACOCO//DTD Report 1.1//EN" "report.dtd"><report name="simple-maven-app"><sessioninfo id="MSI-e5353a62" start="1763328034628" dump="1763328035922"/><sessioninfo id="MSI-4afd221b" start="1763328296879" dump="1763328298401"/><sessioninfo id="MSI-d4fc4740" start="1763328367459" dump="1763328368564"/><sessioninfo id="MSI-fd47de" start="1763328380686" dump="1763328382015"/><sessioninfo id="MSI-e9463fb7" start="1763328496863" dump="1763328498456"/><sessioninfo id="MSI-9a163d5" start="1763345911075" dump="1763345912823"/><sessioninfo id="MSI-24cb112" start="1763345961621" dump="1763345963002"/><sessioninfo id="MSI-23e86574" start="1763346700684" dump="1763346701894"/><sessioninfo id="MSI-65a90300" start="1763395134112" dump="1763395136595"/><sessioninfo id="MSI-bcffd2a7" start="1763398752231" dump="1763398753464"/><sessioninfo id="MSI-4f3a12d8" start="1763398770455" dump="1763398771490"/><sessioninfo id="MSI-ed21a6b8" start="1763399828016" dump="1763399829641"/><sessioninfo id="MSI-bb24bf8e" start="1763400290213" dump="1763400291914"/><sessioninfo id="MSI-36595aba" start="1763400434721" dump="1763400436432"/><sessioninfo id="MSI-c0aa3554" start="1763400449038" dump="1763400450849"/><package name="com/example"><class name="com/example/App" sourcefilename="App.java"><method name="&lt;init&gt;" desc="()V" line="3"><counter type="INSTRUCTION" missed="0" covered="3"/><counter type="LINE" missed="0" covered="1"/><counter type="COMPLEXITY" missed="0" covered="1"/><counter type="METHOD" missed="0" covered="1"/></method><method name="add" desc="(II)I" line="6"><counter type="INSTRUCTION" missed="0" covered="4"/><counter type="LINE" missed="0" covered="1"/><counter type="COMPLEXITY" missed="0" covered="1"/><counter type="METHOD" missed="0" covered="1"/></method><method name="multiply" desc="(II)I" line="10"><counter type="INSTRUCTION" missed="0" covered="4"/><counter type="LINE" missed="0" covered="1"/><counter type="COMPLEXITY" missed="0" covered="1"/><counter type="METHOD" missed="0" covered="1"/></method><counter type="INSTRUCTION" missed="0" covered="11"/><counter type="LINE" missed="0" covered="3"/><counter type="COMPLEXITY" missed="0" covered="3"/><counter type="METHOD" missed="0" covered="3"/><counter type="CLASS" missed="0" covered="1"/></class><sourcefile name="App.java"><line nr="3" mi="0" ci="3" mb="0" cb="0"/><line nr="6" mi="0" ci="4" mb="0" cb="0"/><line nr="10" mi="0" ci="4" mb="0" cb="0"/><counter type="INSTRUCTION" missed="0" covered="11"/><counter type="LINE" missed="0" covered="3"/><counter type="COMPLEXITY" missed="0" covered="3"/><counter type="METHOD" missed="0" covered="3"/><counter type="CLASS" missed="0" covered="1"/></sourcefile><counter type="INSTRUCTION" missed="0" covered="11"/><counter type="LINE" missed="0" covered="3"/><counter type="COMPLEXITY" missed="0" covered="3"/><counter type="METHOD" missed="0" covered="3"/><counter type="CLASS" missed="0" covered="1"/></package><counter type="INSTRUCTION" missed="0" covered="11"/><counter type="LINE" missed="0" covered="3"/><counter type="COMPLEXITY" missed="0" covered="3"/><counter type="METHOD" missed="0" covered="3"/><counter type="CLASS" missed="0" covered="1"/></report>