-------------------------------------------------------------------------------
Test set: AppBoundaryTest
-------------------------------------------------------------------------------
Tests run: 2, Failures: 0, Errors: 2, Skipped: 0, Time elapsed: 0.056 s <<< FAILURE! -- in AppBoundaryTest
AppBoundaryTest.test_multiply_boundaries -- Time elapsed: 0.010 s <<< ERROR!
java.lang.Error: 
Unresolved compilation problems: 
	The declared package "com.example" does not match the expected package ""
	App cannot be resolved to a type
	App cannot be resolved to a type
	App cannot be resolved to a type
	App cannot be resolved to a type

	at AppBoundaryTest.<init>(AppBoundaryTest.java:2)
	at java.base/java.lang.reflect.Constructor.newInstanceWithCaller(Constructor.java:499)
	at java.base/java.lang.reflect.Constructor.newInstance(Constructor.java:483)
	at java.base/java.util.Optional.orElseGet(Optional.java:364)
	at java.base/java.util.ArrayList.forEach(ArrayList.java:1604)
	at java.base/java.util.ArrayList.forEach(ArrayList.java:1604)

AppBoundaryTest.test_add_boundaries -- Time elapsed: 0.001 s <<< ERROR!
java.lang.Error: 
Unresolved compilation problems: 
	The declared package "com.example" does not match the expected package ""
	App cannot be resolved to a type
	App cannot be resolved to a type
	App cannot be resolved to a type
	App cannot be resolved to a type

	at AppBoundaryTest.<init>(AppBoundaryTest.java:2)
	at java.base/java.lang.reflect.Constructor.newInstanceWithCaller(Constructor.java:499)
	at java.base/java.lang.reflect.Constructor.newInstance(Constructor.java:483)
	at java.base/java.util.Optional.orElseGet(Optional.java:364)
	at java.base/java.util.ArrayList.forEach(ArrayList.java:1604)
	at java.base/java.util.ArrayList.forEach(ArrayList.java:1604)

