<?xml version="1.0" encoding="UTF-8" ?>
<testsuite tests="40" failures="0" name="org.apache.commons.lang3.concurrent.ConcurrentUtilsTest" time="0.011" errors="0" skipped="0">
  <properties>
[...]
</properties>
  <testcase classname="org.apache.commons.lang3.concurrent.ConcurrentUtilsTest" name="testCreateIfAbsentKeyNotPresent" time="0"/>
  <testcase classname="org.apache.commons.lang3.concurrent.ConcurrentUtilsTest" name="testExtractCauseUncheckedNull" time="0.001"/>
  <testcase classname="org.apache.commons.lang3.concurrent.ConcurrentUtilsTest" name="testCreateIfAbsentNullInit" time="0"/>
  <testcase classname="org.apache.commons.lang3.concurrent.ConcurrentUtilsTest" name="testExtractCauseChecked" time="0"/>
  <testcase classname="org.apache.commons.lang3.concurrent.ConcurrentUtilsTest" name="testExtractCauseUncheckedNullCause" time="0"/>
  <testcase classname="org.apache.commons.lang3.concurrent.ConcurrentUtilsTest" name="testConstantFuture_Integer" time="0.001"/>
  <testcase classname="org.apache.commons.lang3.concurrent.ConcurrentUtilsTest" name="testHandleCauseChecked" time="0"/>
  <testcase classname="org.apache.commons.lang3.concurrent.ConcurrentUtilsTest" name="testHandleCauseUncheckedUncheckedException" time="0"/>
  <testcase classname="org.apache.commons.lang3.concurrent.ConcurrentUtilsTest" name="testHandleCauseError" time="0.001"/>
  <testcase classname="org.apache.commons.lang3.concurrent.ConcurrentUtilsTest" name="testHandleCauseUncheckedError" time="0"/>
  <testcase classname="org.apache.commons.lang3.concurrent.ConcurrentUtilsTest" name="testExtractCauseNull" time="0"/>
  <testcase classname="org.apache.commons.lang3.concurrent.ConcurrentUtilsTest" name="testConcurrentExceptionCauseError" time="0"/>
  <testcase classname="org.apache.commons.lang3.concurrent.ConcurrentUtilsTest" name="testExtractCauseUncheckedException" time="0"/>
  <testcase classname="org.apache.commons.lang3.concurrent.ConcurrentUtilsTest" name="testPutIfAbsentNullMap" time="0"/>
  <testcase classname="org.apache.commons.lang3.concurrent.ConcurrentUtilsTest" name="testConcurrentExceptionCauseNull" time="0"/>
  <testcase classname="org.apache.commons.lang3.concurrent.ConcurrentUtilsTest" name="testExtractCauseNullCause" time="0"/>
  <testcase classname="org.apache.commons.lang3.concurrent.ConcurrentUtilsTest" name="testExtractCauseUncheckedUncheckedException" time="0"/>
  <testcase classname="org.apache.commons.lang3.concurrent.ConcurrentUtilsTest" name="testExtractCauseUncheckedError" time="0"/>
  <testcase classname="org.apache.commons.lang3.concurrent.ConcurrentUtilsTest" name="testHandleCauseNull" time="0.001"/>
  <testcase classname="org.apache.commons.lang3.concurrent.ConcurrentUtilsTest" name="testExtractCauseUncheckedChecked" time="0"/>
  <testcase classname="org.apache.commons.lang3.concurrent.ConcurrentUtilsTest" name="testConstantFuture_null" time="0"/>
  <testcase classname="org.apache.commons.lang3.concurrent.ConcurrentUtilsTest" name="testPutIfAbsentKeyNotPresent" time="0"/>
  <testcase classname="org.apache.commons.lang3.concurrent.ConcurrentUtilsTest" name="testInitialize" time="0"/>
  <testcase classname="org.apache.commons.lang3.concurrent.ConcurrentUtilsTest" name="testCreateIfAbsentKeyPresent" time="0.001"/>
  <testcase classname="org.apache.commons.lang3.concurrent.ConcurrentUtilsTest" name="testHandleCauseUncheckedChecked" time="0"/>
  <testcase classname="org.apache.commons.lang3.concurrent.ConcurrentUtilsTest" name="testConcurrentRuntimeExceptionCauseUnchecked" time="0"/>
  <testcase classname="org.apache.commons.lang3.concurrent.ConcurrentUtilsTest" name="testExtractCauseError" time="0"/>
  <testcase classname="org.apache.commons.lang3.concurrent.ConcurrentUtilsTest" name="testInitializeNull" time="0"/>
  <testcase classname="org.apache.commons.lang3.concurrent.ConcurrentUtilsTest" name="testCreateIfAbsentUncheckedException" time="0.001"/>
  <testcase classname="org.apache.commons.lang3.concurrent.ConcurrentUtilsTest" name="testPutIfAbsentKeyPresent" time="0"/>
  <testcase classname="org.apache.commons.lang3.concurrent.ConcurrentUtilsTest" name="testInitializeUnchecked" time="0.001"/>
  <testcase classname="org.apache.commons.lang3.concurrent.ConcurrentUtilsTest" name="testCreateIfAbsentNullMap" time="0"/>
  <testcase classname="org.apache.commons.lang3.concurrent.ConcurrentUtilsTest" name="testConcurrentRuntimeExceptionCauseNull" time="0.001"/>
  <testcase classname="org.apache.commons.lang3.concurrent.ConcurrentUtilsTest" name="testConcurrentRuntimeExceptionCauseError" time="0"/>
  <testcase classname="org.apache.commons.lang3.concurrent.ConcurrentUtilsTest" name="testCreateIfAbsentUncheckedSuccess" time="0.002"/>
  <testcase classname="org.apache.commons.lang3.concurrent.ConcurrentUtilsTest" name="testHandleCauseUncheckedException" time="0"/>
  <testcase classname="org.apache.commons.lang3.concurrent.ConcurrentUtilsTest" name="testHandleCauseUncheckedNull" time="0"/>
  <testcase classname="org.apache.commons.lang3.concurrent.ConcurrentUtilsTest" name="testConcurrentExceptionCauseUnchecked" time="0"/>
  <testcase classname="org.apache.commons.lang3.concurrent.ConcurrentUtilsTest" name="testInitializeUncheckedEx" time="0.001"/>
  <testcase classname="org.apache.commons.lang3.concurrent.ConcurrentUtilsTest" name="testInitializeUncheckedNull" time="0"/>
</testsuite>