<?xml version="1.0" encoding="UTF-8" ?>
<testsuite tests="15" failures="0" name="org.apache.commons.lang3.concurrent.TimedSemaphoreTest" time="1.168" errors="0" skipped="0">
  <properties>
[...]
</properties>
  <testcase classname="org.apache.commons.lang3.concurrent.TimedSemaphoreTest" name="testPassAfterShutdown" time="0"/>
  <testcase classname="org.apache.commons.lang3.concurrent.TimedSemaphoreTest" name="testAcquireMultipleThreads" time="0.01"/>
  <testcase classname="org.apache.commons.lang3.concurrent.TimedSemaphoreTest" name="testInitInvalidPeriod" time="0"/>
  <testcase classname="org.apache.commons.lang3.concurrent.TimedSemaphoreTest" name="testAcquireMultiplePeriods" time="0.153"/>
  <testcase classname="org.apache.commons.lang3.concurrent.TimedSemaphoreTest" name="testGetAverageCallsPerPeriod" time="0.001"/>
  <testcase classname="org.apache.commons.lang3.concurrent.TimedSemaphoreTest" name="testInit" time="0"/>
  <testcase classname="org.apache.commons.lang3.concurrent.TimedSemaphoreTest" name="testInitDefaultService" time="0"/>
  <testcase classname="org.apache.commons.lang3.concurrent.TimedSemaphoreTest" name="testShutdownOwnExecutor" time="0"/>
  <testcase classname="org.apache.commons.lang3.concurrent.TimedSemaphoreTest" name="testShutdownSharedExecutorTask" time="0"/>
  <testcase classname="org.apache.commons.lang3.concurrent.TimedSemaphoreTest" name="testShutdownMultipleTimes" time="0"/>
  <testcase classname="org.apache.commons.lang3.concurrent.TimedSemaphoreTest" name="testAcquireNoLimit" time="0.002"/>
  <testcase classname="org.apache.commons.lang3.concurrent.TimedSemaphoreTest" name="testShutdownSharedExecutorNoTask" time="0"/>
  <testcase classname="org.apache.commons.lang3.concurrent.TimedSemaphoreTest" name="testAcquireLimit" time="0"/>
  <testcase classname="org.apache.commons.lang3.concurrent.TimedSemaphoreTest" name="testStartTimer" time="1.002"/>
  <testcase classname="org.apache.commons.lang3.concurrent.TimedSemaphoreTest" name="testGetAvailablePermits" time="0"/>
</testsuite>