<?xml version="1.0" encoding="UTF-8" ?>
<testsuite tests="3" failures="0" name="org.apache.commons.lang3.builder.ToStringStyleConcurrencyTest" time="2.57" errors="0" skipped="0">
  <properties>
[...]
</properties>
  <testcase classname="org.apache.commons.lang3.builder.ToStringStyleConcurrencyTest" name="testArrayList" time="0.951"/>
  <testcase classname="org.apache.commons.lang3.builder.ToStringStyleConcurrencyTest" name="testCopyOnWriteArrayList" time="0.755"/>
  <testcase classname="org.apache.commons.lang3.builder.ToStringStyleConcurrencyTest" name="testLinkedList" time="0.864"/>
</testsuite>